0 info it worked if it ends with ok
1 verbose cli [ '/Users/cfudala82/.nvm/versions/node/v6.11.4/bin/node',
1 verbose cli   '/Users/cfudala82/.nvm/versions/node/v6.11.4/bin/npm',
1 verbose cli   'start' ]
2 info using npm@3.10.10
3 info using node@v6.11.4
4 verbose run-script [ 'prestart', 'start', 'poststart' ]
5 info lifecycle startbootstrap-resume@4.0.0-beta.2~prestart: startbootstrap-resume@4.0.0-beta.2
6 silly lifecycle startbootstrap-resume@4.0.0-beta.2~prestart: no script for prestart, continuing
7 info lifecycle startbootstrap-resume@4.0.0-beta.2~start: startbootstrap-resume@4.0.0-beta.2
8 verbose lifecycle startbootstrap-resume@4.0.0-beta.2~start: unsafe-perm in lifecycle true
9 verbose lifecycle startbootstrap-resume@4.0.0-beta.2~start: PATH: /Users/cfudala82/.nvm/versions/node/v6.11.4/lib/node_modules/npm/bin/node-gyp-bin:/Users/cfudala82/portfolio/startbootstrap-resume/node_modules/.bin:/Users/cfudala82/.nvm/versions/node/v6.11.4/bin:/Library/Frameworks/Python.framework/Versions/3.6/bin:/usr/local/bin:/usr/bin:/bin:/usr/sbin:/sbin:/Applications/Postgres.app/Contents/Versions/9.6/bin:./node_modules/.bin
10 verbose lifecycle startbootstrap-resume@4.0.0-beta.2~start: CWD: /Users/cfudala82/portfolio/startbootstrap-resume
11 silly lifecycle startbootstrap-resume@4.0.0-beta.2~start: Args: [ '-c', 'node ./index.html' ]
12 silly lifecycle startbootstrap-resume@4.0.0-beta.2~start: Returned: code: 1  signal: null
13 info lifecycle startbootstrap-resume@4.0.0-beta.2~start: Failed to exec start script
14 verbose stack Error: startbootstrap-resume@4.0.0-beta.2 start: `node ./index.html`
14 verbose stack Exit status 1
14 verbose stack     at EventEmitter.<anonymous> (/Users/cfudala82/.nvm/versions/node/v6.11.4/lib/node_modules/npm/lib/utils/lifecycle.js:255:16)
14 verbose stack     at emitTwo (events.js:106:13)
14 verbose stack     at EventEmitter.emit (events.js:191:7)
14 verbose stack     at ChildProcess.<anonymous> (/Users/cfudala82/.nvm/versions/node/v6.11.4/lib/node_modules/npm/lib/utils/spawn.js:40:14)
14 verbose stack     at emitTwo (events.js:106:13)
14 verbose stack     at ChildProcess.emit (events.js:191:7)
14 verbose stack     at maybeClose (internal/child_process.js:920:16)
14 verbose stack     at Process.ChildProcess._handle.onexit (internal/child_process.js:230:5)
15 verbose pkgid startbootstrap-resume@4.0.0-beta.2
16 verbose cwd /Users/cfudala82/portfolio/startbootstrap-resume
17 error Darwin 17.3.0
18 error argv "/Users/cfudala82/.nvm/versions/node/v6.11.4/bin/node" "/Users/cfudala82/.nvm/versions/node/v6.11.4/bin/npm" "start"
19 error node v6.11.4
20 error npm  v3.10.10
21 error code ELIFECYCLE
22 error startbootstrap-resume@4.0.0-beta.2 start: `node ./index.html`
22 error Exit status 1
23 error Failed at the startbootstrap-resume@4.0.0-beta.2 start script 'node ./index.html'.
23 error Make sure you have the latest version of node.js and npm installed.
23 error If you do, this is most likely a problem with the startbootstrap-resume package,
23 error not with npm itself.
23 error Tell the author that this fails on your system:
23 error     node ./index.html
23 error You can get information on how to open an issue for this project with:
23 error     npm bugs startbootstrap-resume
23 error Or if that isn't available, you can get their info via:
23 error     npm owner ls startbootstrap-resume
23 error There is likely additional logging output above.
24 verbose exit [ 1, true ]
